TN:
SF:/Users/LNaveen/bootcamp/eshop_final/eshop-web/src/app/config.js
FNF:0
FNH:0
DA:1,1
LF:1
LH:1
BRF:0
BRH:0
end_of_record
TN:
SF:/Users/LNaveen/bootcamp/eshop_final/eshop-web/src/app/components/Item.js
FN:8,Item
FNF:1
FNH:1
FNDA:3,Item
DA:1,1
DA:2,1
DA:3,1
DA:4,1
DA:5,1
DA:8,6
DA:13,3
LF:7
LH:7
BRDA:8,0,0,3
BRDA:8,0,1,0
BRF:2
BRH:1
end_of_record
TN:
SF:/Users/LNaveen/bootcamp/eshop_final/eshop-web/src/app/components/Items.js
FN:7,Items
FN:20,(anonymous_13)
FNF:2
FNH:2
FNDA:4,Items
FNDA:2,(anonymous_13)
DA:1,1
DA:2,1
DA:3,1
DA:4,1
DA:7,12
DA:9,4
DA:20,5
DA:25,5
LF:8
LH:8
BRDA:7,0,0,4
BRDA:7,0,1,0
BRF:2
BRH:1
end_of_record
TN:
SF:/Users/LNaveen/bootcamp/eshop_final/eshop-web/src/app/components/LandingPageBuyer.js
FN:10,LandingPageBuyer
FN:18,(anonymous_11)
FN:20,(anonymous_12)
FN:44,(anonymous_17)
FNF:4
FNH:1
FNDA:2,LandingPageBuyer
FNDA:0,(anonymous_11)
FNDA:0,(anonymous_12)
FNDA:0,(anonymous_17)
DA:1,1
DA:2,1
DA:3,1
DA:4,1
DA:5,1
DA:6,1
DA:10,6
DA:12,2
DA:15,0
DA:17,0
DA:19,0
DA:22,0
DA:30,0
DA:31,0
DA:36,2
DA:45,0
LF:16
LH:9
BRDA:10,0,0,2
BRDA:10,0,1,0
BRF:2
BRH:1
end_of_record
TN:
SF:/Users/LNaveen/bootcamp/eshop_final/eshop-web/src/app/components/Main.js
FN:20,Main
FNF:1
FNH:1
FNDA:1,Main
DA:1,1
DA:2,1
DA:3,1
DA:4,1
DA:5,1
DA:6,1
DA:7,1
DA:8,1
DA:10,1
DA:13,1
DA:20,2
DA:28,1
LF:12
LH:12
BRDA:20,0,0,1
BRDA:20,0,1,0
BRF:2
BRH:1
end_of_record
TN:
SF:/Users/LNaveen/bootcamp/eshop_final/eshop-web/src/app/components/Register.js
FN:18,Register
FNF:1
FNH:1
FNDA:2,Register
DA:1,1
DA:2,1
DA:3,1
DA:4,1
DA:5,1
DA:6,1
DA:9,1
DA:13,1
DA:18,4
DA:25,2
LF:10
LH:10
BRDA:18,0,0,2
BRDA:18,0,1,0
BRF:2
BRH:1
end_of_record
