TN:
SF:/Users/njoseph/dev/dev-bootcamp/eshop/eshop-web/src/app/components/Item.js
FN:8,Item
FNF:1
FNH:1
FNDA:3,Item
DA:1,1
DA:2,1
DA:3,1
DA:4,1
DA:5,1
DA:8,6
DA:13,3
LF:7
LH:7
BRDA:8,0,0,3
BRDA:8,0,1,0
BRF:2
BRH:1
end_of_record
TN:
SF:/Users/njoseph/dev/dev-bootcamp/eshop/eshop-web/src/app/components/Items.js
FN:6,Items
FNF:1
FNH:1
FNDA:2,Items
DA:1,1
DA:2,1
DA:6,4
DA:13,2
LF:4
LH:4
BRDA:6,0,0,2
BRDA:6,0,1,0
BRF:2
BRH:1
end_of_record
TN:
SF:/Users/njoseph/dev/dev-bootcamp/eshop/eshop-web/src/app/components/Main.js
FN:20,Main
FNF:1
FNH:1
FNDA:1,Main
DA:1,1
DA:2,1
DA:3,1
DA:4,1
DA:5,1
DA:6,1
DA:7,1
DA:8,1
DA:10,1
DA:13,1
DA:20,2
DA:28,1
LF:12
LH:12
BRDA:20,0,0,1
BRDA:20,0,1,0
BRF:2
BRH:1
end_of_record
TN:
SF:/Users/njoseph/dev/dev-bootcamp/eshop/eshop-web/src/app/components/Register.js
FN:18,Register
FNF:1
FNH:1
FNDA:2,Register
DA:1,1
DA:2,1
DA:3,1
DA:4,1
DA:5,1
DA:6,1
DA:9,1
DA:13,1
DA:18,4
DA:25,2
LF:10
LH:10
BRDA:18,0,0,2
BRDA:18,0,1,0
BRF:2
BRH:1
end_of_record
